code-creation,Stub,0x5619c020,296,"JSEntryStub"
code-creation,Stub,0x5619c160,296,"JSConstructEntryStub"
code-creation,Stub,0x55584020,860,"CEntryStub"
code-creation,Builtin,0x5619c2a0,60,"Illegal"
code-creation,Builtin,0x5619c2e0,60,"EmptyFunction"
code-creation,Builtin,0x5619c320,60,"ArrayCodeGeneric"
code-creation,Builtin,0x5619c360,60,"ArrayPush"
code-creation,Builtin,0x5619c3a0,60,"ArrayPop"
code-creation,Builtin,0x5619c3e0,60,"ArrayShift"
code-creation,Builtin,0x5619c420,60,"ArrayUnshift"
code-creation,Builtin,0x5619c460,60,"ArraySlice"
code-creation,Builtin,0x5619c4a0,60,"ArraySplice"
code-creation,Builtin,0x5619c4e0,60,"ArrayConcat"
code-creation,Builtin,0x5619c520,64,"HandleApiCall"
code-creation,Builtin,0x5619c560,60,"FastHandleApiCall"
code-creation,Builtin,0x5619c5a0,64,"HandleApiCallConstruct"
code-creation,Builtin,0x5619c5e0,60,"HandleApiCallAsFunction"
code-creation,Builtin,0x5619c620,60,"HandleApiCallAsConstructor"
code-creation,Builtin,0x5619c660,60,"StrictArgumentsCallee"
code-creation,Builtin,0x5619c6a0,60,"StrictArgumentsCaller"
code-creation,Builtin,0x5619c6e0,60,"StrictFunctionCaller"
code-creation,Builtin,0x5619c720,60,"StrictFunctionArguments"
code-creation,Builtin,0x5619c760,196,"ArgumentsAdaptorTrampoline"
code-creation,Builtin,0x5619c840,104,"JSConstructCall"
code-creation,Builtin,0x5619c8c0,608,"JSConstructStubCountdown"
code-creation,Builtin,0x5619cb20,540,"JSConstructStubGeneric"
code-creation,Builtin,0x5619cd40,508,"JSConstructStubApi"
code-creation,Builtin,0x5619cf40,200,"JSEntryTrampoline"
code-creation,Builtin,0x5619d020,164,"JSConstructEntryTrampoline"
code-creation,Builtin,0x5619d0e0,116,"LazyCompile"
code-creation,Builtin,0x5619d160,116,"LazyRecompile"
code-creation,Builtin,0x5619d1e0,156,"NotifyDeoptimized"
code-creation,Builtin,0x5619d280,156,"NotifyLazyDeoptimized"
code-creation,Builtin,0x5619d320,108,"NotifyOSR"
code-creation,Builtin,0x5619d3a0,68,"LoadIC_Miss"
code-creation,Builtin,0x5619d400,64,"KeyedLoadIC_Miss"
code-creation,Builtin,0x5619d440,68,"StoreIC_Miss"
code-creation,Builtin,0x5619d4a0,64,"KeyedStoreIC_Miss"
code-creation,Builtin,0x5619d4e0,68,"LoadIC_Initialize"
code-creation,Builtin,0x5619d540,68,"LoadIC_PreMonomorphic"
code-creation,Builtin,0x5619d5a0,304,"LoadIC_Normal"
code-creation,Builtin,0x5619d6e0,80,"LoadIC_ArrayLength"
code-creation,Builtin,0x5619d740,84,"LoadIC_StringLength"
code-creation,Builtin,0x5619d7a0,132,"LoadIC_StringWrapperLength"
code-creation,Builtin,0x5619d840,136,"LoadIC_FunctionPrototype"
code-creation,Builtin,0x5619d8e0,268,"LoadIC_Megamorphic"
code-creation,Builtin,0x5619da00,64,"KeyedLoadIC_Initialize"
code-creation,Builtin,0x5619da40,64,"KeyedLoadIC_PreMonomorphic"
code-creation,Builtin,0x5619da80,788,"KeyedLoadIC_Generic"
code-creation,Builtin,0x5619e020,668,"KeyedLoadIC_String"
code-creation,Builtin,0x5619e2c0,128,"KeyedLoadIC_IndexedInterceptor"
code-creation,Builtin,0x5619e340,68,"StoreIC_Initialize"
code-creation,Builtin,0x5619e3a0,148,"StoreIC_ArrayLength"
code-creation,Builtin,0x5619e440,364,"StoreIC_Normal"
code-creation,Builtin,0x5619e5c0,268,"StoreIC_Megamorphic"
code-creation,Builtin,0x5619e6e0,80,"StoreIC_GlobalProxy"
code-creation,Builtin,0x5619e740,68,"StoreIC_Initialize_Strict"
code-creation,Builtin,0x5619e7a0,148,"StoreIC_ArrayLength_Strict"
code-creation,Builtin,0x5619e840,364,"StoreIC_Normal_Strict"
code-creation,Builtin,0x5619e9c0,268,"StoreIC_Megamorphic_Strict"
code-creation,Builtin,0x5619eae0,80,"StoreIC_GlobalProxy_Strict"
code-creation,Builtin,0x5619eb40,64,"KeyedStoreIC_Initialize"
code-creation,Builtin,0x5619eb80,304,"KeyedStoreIC_Generic"
code-creation,Builtin,0x5619ecc0,64,"KeyedStoreIC_Initialize_Strict"
code-creation,Builtin,0x5619ed00,304,"KeyedStoreIC_Generic_Strict"
code-creation,Builtin,0x5619ee40,404,"FunctionCall"
code-creation,Builtin,0x5619efe0,436,"FunctionApply"
code-creation,Builtin,0x5619f1a0,600,"ArrayCode"
code-creation,Builtin,0x5619f400,588,"ArrayConstructCode"
code-creation,Builtin,0x5619f660,440,"StringConstructCode"
code-creation,Builtin,0x5619f820,836,"OnStackReplacement"
code-creation,Builtin,0x5619fb80,120,"Return_DebugBreak"
code-creation,Builtin,0x5619fc00,128,"ConstructCall_DebugBreak"
code-creation,Builtin,0x5619fc80,112,"StubNoRegisters_DebugBreak"
code-creation,Builtin,0x5619fd00,120,"LoadIC_DebugBreak"
code-creation,Builtin,0x5619fd80,120,"KeyedLoadIC_DebugBreak"
code-creation,Builtin,0x5619fe00,120,"StoreIC_DebugBreak"
code-creation,Builtin,0x5619fe80,120,"KeyedStoreIC_DebugBreak"
code-creation,Builtin,0x5619ff00,112,"Slot_DebugBreak"
code-creation,Builtin,0x5619ff80,80,"PlainReturn_LiveEdit"
code-creation,Builtin,0x561a0020,80,"FrameDropper_LiveEdit"
code-creation,Stub,0x561a0080,60,"StackCheckStub"
code-creation,Script,0x561a00c0,816,"native runtime.js",0x5615e4ec,
code-creation,CallInitialize,0x561a0400,200,"args_count: 1"
code-creation,CallInitialize,0x561a04e0,200,"args_count: 2"
code-creation,LazyCompile,0x561a05c0,1568,"EQUALS native runtime.js:54",0x5615d498,
code-creation,LazyCompile,0x561a0be0,368,"STRICT_EQUALS native runtime.js:93",0x5615d4f4,
code-creation,Stub,0x561a0d60,224,"StringCompare"
code-creation,Stub,0x561a0e40,136,"CompareIC"
code-creation,LazyCompile,0x561a0ee0,1180,"COMPARE native runtime.js:113",0x5615d550,
code-creation,Stub,0x561a1380,1208,"StringAdd"
code-creation,LazyCompile,0x561a1840,784,"ADD native runtime.js:156",0x5615d5ac,
code-creation,LazyCompile,0x561a1b60,304,"SUB native runtime.js:207",0x5615d6c0,
code-creation,LazyCompile,0x561a1ca0,304,"MUL native runtime.js:215",0x5615d71c,
code-creation,LazyCompile,0x561a1de0,304,"DIV native runtime.js:223",0x5615d778,
code-creation,LazyCompile,0x561a2020,304,"MOD native runtime.js:231",0x5615d7d4,
code-creation,LazyCompile,0x561a2160,304,"BIT_OR native runtime.js:245",0x5615d830,
code-creation,LazyCompile,0x561a22a0,440,"BIT_AND native runtime.js:253",0x5615d88c,
code-creation,LazyCompile,0x561a2460,304,"BIT_XOR native runtime.js:275",0x5615d8e8,
code-creation,LazyCompile,0x561a25a0,220,"UNARY_MINUS native runtime.js:283",0x5615d944,
code-creation,LazyCompile,0x561a2680,220,"BIT_NOT native runtime.js:290",0x5615d9a0,
code-creation,LazyCompile,0x561a2760,304,"SHL native runtime.js:297",0x5615d9fc,
code-creation,LazyCompile,0x561a28a0,440,"SAR native runtime.js:305",0x5615da58,
code-creation,LazyCompile,0x561a2a60,304,"SHR native runtime.js:327",0x5615dab4,
code-creation,LazyCompile,0x561a2ba0,224,"DELETE native runtime.js:341",0x5615db10,
code-creation,Stub,0x561a2c80,204,"FastCloneShallowArrayStub"
code-creation,LazyCompile,0x561a2d60,520,"IN native runtime.js:347",0x5615db6c,
code-creation,Stub,0x561a2f80,196,"FastCloneShallowArrayStub"
code-creation,Stub,0x561a3060,168,"ToBoolean"
code-creation,LazyCompile,0x561a3120,736,"INSTANCE_OF native runtime.js:359",0x5615dbc8,
code-creation,LazyCompile,0x561a3400,128,"GET_KEYS native runtime.js:383",0x5615dc24,
code-creation,LazyCompile,0x561a3480,276,"FILTER_KEY native runtime.js:391",0x5615dc80,
code-creation,Stub,0x561a35a0,280,"ArgumentsAccessStub"
code-creation,LazyCompile,0x561a36c0,480,"CALL_NON_FUNCTION native runtime.js:398",0x5615dcdc,
code-creation,LazyCompile,0x561a38a0,480,"CALL_NON_FUNCTION_AS_CONSTRUCTOR native runtime.js:407",0x5615dd38,
code-creation,LazyCompile,0x561a3a80,140,"TO_OBJECT native runtime.js:458",0x5615de4c,
code-creation,LazyCompile,0x561a3b20,140,"TO_NUMBER native runtime.js:464",0x5615dea8,
code-creation,LazyCompile,0x561a3bc0,140,"TO_STRING native runtime.js:470",0x5615df04,
code-creation,Stub,0x561a3c60,136,"CompareIC"
code-creation,Stub,0x561a3d00,200,"NumberToStringStub"
code-creation,LazyCompile,0x561a4020,628,"STRING_ADD_LEFT native runtime.js:176",0x5615d608,
code-creation,LazyCompile,0x561a42a0,644,"STRING_ADD_RIGHT native runtime.js:191",0x5615d664,
code-creation,Stub,0x561a4540,136,"CompareIC"
code-creation,Stub,0x561a45e0,136,"CompareIC"
code-creation,Stub,0x561a4680,136,"CompareIC"
code-creation,Stub,0x561a4720,168,"FastCloneShallowArrayStub"
code-creation,LazyCompile,0x561a47e0,1260,"APPLY_PREPARE native runtime.js:416",0x5615dd94,
code-creation,LazyCompile,0x561a4ce0,208,"APPLY_OVERFLOW native runtime.js:452",0x5615ddf0,
code-creation,CallInitialize,0x561a4dc0,200,"args_count: 0"
code-creation,Script,0x561a4ea0,3788,"native v8natives.js",0x56161180,
code-creation,CallPreMonomorphic,0x561a5d80,200,"args_count: 0"
code-creation,CallInitialize,0x561a5e60,200,"args_count: 10"
code-creation,CallInitialize,0x561a6020,200,"args_count: 3"
code-creation,LazyCompile,0x561a6100,660,"SetupGlobal native v8natives.js:153",0x5615f674,
code-creation,CallPreMonomorphic,0x561a63a0,200,"args_count: 10"
code-creation,CallPreMonomorphic,0x561a6480,200,"args_count: 3"
code-creation,Stub,0x561a6560,80,"TypeRecordingBinaryOpStub_SAR_Alloc_Uninitialized"
code-creation,Stub,0x561a65c0,80,"TypeRecordingBinaryOpStub_ADD_Alloc_Uninitialized"
code-creation,LazyCompile,0x561a6620,724,"InstallFunctions native v8natives.js:49",0x5615f3f0,
code-creation,Stub,0x561a6900,160,"CompareIC"
code-creation,Stub,0x561a69a0,132,"TypeRecordingBinaryOpStub_SAR_Alloc_SMI"
code-creation,Stub,0x561a6a40,160,"CompareIC"
code-creation,KeyedLoadIC,0x561a6ae0,128,""
code-creation,KeyedLoadIC,0x561a6ae0,128,"args_count: 0"
code-creation,Stub,0x561a6b60,128,"TypeRecordingBinaryOpStub_ADD_Alloc_SMI"
code-creation,LazyCompile,0x561a6be0,308,"$Object.constructor native v8natives.js:180",0x56160978,
code-creation,CallPreMonomorphic,0x561a6d20,200,"args_count: 1"
code-creation,LazyCompile,0x561a6e00,456,"ToBoolean native runtime.js:493",0x5615e020,
code-creation,StoreIC,0x561a6fe0,152,"constructor"
code-creation,StoreIC,0x561a6fe0,152,"constructor"
code-creation,LazyCompile,0x561a7080,392,"a native v8natives.js:923",0x561610a8,
code-creation,CallInitialize,0x561a7220,200,"args_count: 20"
code-creation,CallInitialize,0x561a7300,200,"args_count: 26"
code-creation,LazyCompile,0x561a73e0,1240,"SetupObject native v8natives.js:938",0x561603b8,
code-creation,CallPreMonomorphic,0x561a78c0,200,"args_count: 20"
code-creation,CallPreMonomorphic,0x561a79a0,200,"args_count: 26"
code-creation,CallInitialize,0x561a7a80,200,"args_count: 4"
code-creation,LazyCompile,0x561a7b60,296,"SetupBoolean native v8natives.js:1001",0x561604cc,
code-creation,CallPreMonomorphic,0x561a7ca0,200,"args_count: 4"
code-creation,LazyCompile,0x561a7d80,352,"b native v8natives.js:1014",0x56161104,
code-creation,Stub,0x561a7ee0,156,"CompareIC"
code-creation,LazyCompile,0x561a8020,536,"ToNumber native runtime.js:503",0x5615e07c,
code-creation,CallInitialize,0x561a8240,200,"args_count: 12"
code-creation,LazyCompile,0x561a8320,1204,"SetupNumber native v8natives.js:1106",0x56160750,
code-creation,CallPreMonomorphic,0x561a87e0,200,"args_count: 12"
code-creation,Stub,0x561a88c0,80,"TypeRecordingBinaryOpStub_SUB_Alloc_Uninitialized"
code-creation,Stub,0x561a8920,140,"ArgumentsAccessStub"
code-creation,Stub,0x561a89c0,88,"ToNumberStub"
code-creation,Stub,0x561a8a20,80,"TypeRecordingBinaryOpStub_ADD_OverwriteLeft_Uninitialized"
code-creation,Stub,0x561a8a80,244,"CallFunction"
code-creation,LazyCompile,0x561a8b80,1316,"NewFunction native v8natives.js:1248",0x561608c0,
code-creation,LazyCompile,0x561a90c0,296,"SetupFunction native v8natives.js:1274",0x5616091c,
code-creation,Script,0x561a9200,280,"native array.js",0x56162e24,
code-creation,Stub,0x561a9320,168,"FastNewContextStub"
code-creation,Function,0x561a93e0,344,"getFunction native array.js:1192",0x56163454,
code-creation,Stub,0x561a9540,188,"FastNewClosureStub"
code-creation,Stub,0x561a9600,244,"CallFunction"
code-creation,Stub,0x561a9700,244,"CallFunction"
code-creation,CallInitialize,0x561a9800,200,"args_count: 42"
code-creation,Function,0x561a98e0,152,"SetupArray.InternalArray.toString native array.js:1243",0x561634cc,
code-creation,LazyCompile,0x561aa020,3452,"SetupArray native array.js:1180",0x56162da8,
code-creation,CallPreMonomorphic,0x561aada0,200,"args_count: 2"
code-creation,LazyCompile,0x561aae80,208,"hasOwnProperty native v8natives.js:216",0x5615f7e4,
code-creation,LazyCompile,0x561aaf60,576,"ToObject native runtime.js:543",0x5615e1ec,
code-creation,LazyCompile,0x561ab1a0,488,"ToString native runtime.js:526",0x5615e134,
code-creation,CallMiss,0x561ab3a0,200,"args_count: 1"
code-creation,CallIC,0x561ab480,132,"hasOwnProperty"
code-creation,CallIC,0x561ab520,124,"ToObject"
code-creation,CallIC,0x561ab5a0,124,"ToString"
code-creation,KeyedLoadIC,0x561ab620,104,"push"
code-creation,KeyedLoadIC,0x561ab620,104,"push"
code-creation,KeyedLoadIC,0x561ab6a0,104,"concat"
code-creation,KeyedLoadIC,0x561ab6a0,104,"concat"
code-creation,CallPreMonomorphic,0x561ab720,200,"args_count: 42"
code-creation,LazyCompile,0x561ab800,248,"InstallFunctionsOnHiddenPrototype native v8natives.js:67",0x5615f44c,
code-creation,Stub,0x561ab900,168,"FastCloneShallowArrayStub"
code-creation,Script,0x561ab9c0,1172,"native string.js",0x56164de8,
code-creation,LazyCompile,0x561abe60,404,"b native string.js:36",0x56164c58,
code-creation,CallInitialize,0x561ac020,200,"args_count: 70"
code-creation,LazyCompile,0x561ac100,1880,"SetupString native string.js:863",0x56164bfc,
code-creation,CallPreMonomorphic,0x561ac860,200,"args_count: 70"
code-creation,LoadIC,0x561ac940,88,"$Object"
code-creation,LoadIC,0x561ac940,88,"$Object"
code-creation,CallMiss,0x561ac9a0,200,"args_count: 3"
code-creation,CallIC,0x561aca80,124,"InstallFunctions"
code-creation,Script,0x561acb00,288,"native uri.js",0x56165e44,
code-creation,LazyCompile,0x561acc20,436,"SetupURI native uri.js:389",0x56165dc8,
code-creation,Script,0x561acde0,744,"native math.js",0x56166a28,
code-creation,LazyCompile,0x561ad0e0,92,"MathConstructor native math.js:38",0x561662d8,
code-creation,CallInitialize,0x561ad140,200,"args_count: 36"
code-creation,LazyCompile,0x561ad220,1700,"SetupMath native math.js:198",0x561669ac,
code-creation,CallPreMonomorphic,0x561ad8e0,200,"args_count: 36"
code-creation,Script,0x561ae020,5528,"native messages.js",0x56169404,
code-creation,LazyCompile,0x561af5c0,180,"kMessages.cyclic_proto native messages.js:133",0x56168808,
code-creation,Function,0x561af680,92,"ErrorPrototype native messages.js:984",0x56169e18,
code-creation,Function,0x561af6e0,212," native messages.js:1010",0x56169e94,
code-creation,Function,0x561af7c0,652," native messages.js:999",0x56169f10,
code-creation,LazyCompile,0x561afa60,1020,"DefineError native messages.js:968",0x56168698,
code-creation,Stub,0x561b0020,1452,"StringAdd"
code-creation,Stub,0x561b05e0,1452,"StringAdd"
code-creation,Stub,0x561b0ba0,160,"TypeRecordingBinaryOpStub_ADD_Alloc_Strings"
code-creation,Stub,0x561b0c40,548,"CompareStub_EQ_r1_r0"
code-creation,LoadIC,0x561b0e80,88,"global"
code-creation,LoadIC,0x561b0e80,88,"global"
code-creation,Stub,0x561b0ee0,516,"CompareStub_EQ_r1_r0_STRICT"
code-creation,Function,0x561b1100,148," native messages.js:1031",0x5616a020,
code-creation,LazyCompile,0x561b11a0,672,"captureStackTrace native messages.js:1023",0x561686f4,
code-creation,LoadIC,0x561b1440,100,"$Error"
code-creation,LoadIC,0x561b1440,100,"$Error"
code-creation,LoadIC,0x561b14c0,88,"kAddMessageAccessorsMarker"
code-creation,LoadIC,0x561b14c0,88,"kAddMessageAccessorsMarker"
code-creation,CallMiss,0x561b1520,200,"args_count: 2"
code-creation,CallIC,0x561b1600,124,"captureStackTrace"
code-creation,LoadIC,0x561b1680,140,""
code-creation,LoadIC,0x561b1680,140,""
code-creation,LazyCompile,0x561b1720,172,"MakeRangeError native messages.js:277",0x56168134,
code-creation,LazyCompile,0x561b17e0,320,"MakeGenericError native messages.js:117",0x56167f44,
code-creation,Stub,0x561b1920,180,"FastNewContextStub"
code-creation,Stub,0x561b19e0,244,"CallFunction"
code-creation,Function,0x561b1ae0,396,"DefineOneShotAccessor.a.__defineSetter__.d native messages.js:683",0x5616a124,
code-creation,Function,0x561b1c80,240," native messages.js:691",0x5616a1a0,
code-creation,LazyCompile,0x561b1d80,476,"DefineOneShotAccessor native messages.js:677",0x56168470,
code-creation,LazyCompile,0x561b2020,708,"__defineGetter__ native v8natives.js:235",0x5615f8f8,
code-creation,LazyCompile,0x561b2300,560,"PropertyDescriptor native v8natives.js:376",0x5615fcec,
code-creation,LazyCompile,0x561b2540,168,"PropertyDescriptor.setGet native v8natives.js:462",0x56160e80,
code-creation,StoreIC,0x561b2600,148,"get_"
code-creation,StoreIC,0x561b2600,148,"get_"
code-creation,StoreIC,0x561b26a0,148,"hasGetter_"
code-creation,StoreIC,0x561b26a0,148,"hasGetter_"
code-creation,LazyCompile,0x561b2740,168,"PropertyDescriptor.setEnumerable native v8natives.js:414",0x56160b44,
code-creation,StoreIC,0x561b2800,148,"enumerable_"
code-creation,StoreIC,0x561b2800,148,"enumerable_"
code-creation,StoreIC,0x561b28a0,148,"hasEnumerable_"
code-creation,StoreIC,0x561b28a0,148,"hasEnumerable_"
code-creation,LazyCompile,0x561b2940,168,"PropertyDescriptor.setConfigurable native v8natives.js:446",0x56160d6c,
code-creation,StoreIC,0x561b2a00,148,"configurable_"
code-creation,StoreIC,0x561b2a00,148,"configurable_"
code-creation,StoreIC,0x561b2aa0,148,"hasConfigurable_"
code-creation,StoreIC,0x561b2aa0,148,"hasConfigurable_"
code-creation,Stub,0x561b2b40,80,"TypeRecordingBinaryOpStub_BIT_OR_Alloc_Uninitialized"
code-creation,LazyCompile,0x55586020,9000,"DefineOwnProperty native v8natives.js:554",0x5615feb8,
code-creation,LazyCompile,0x561b2ba0,776,"ConvertDescriptorArrayToDescriptor native v8natives.js:497",0x5615fd48,
code-creation,LazyCompile,0x561b2ec0,120,"PropertyDescriptor.hasEnumerable native v8natives.js:425",0x56160bfc,
code-creation,LazyCompile,0x561b2f40,120,"PropertyDescriptor.isEnumerable native v8natives.js:420",0x56160ba0,
code-creation,Stub,0x561b2fc0,124,"TypeRecordingBinaryOpStub_BIT_OR_Alloc_SMI"
code-creation,LazyCompile,0x561b3040,120,"PropertyDescriptor.hasConfigurable native v8natives.js:452",0x56160dc8,
code-creation,LazyCompile,0x561b30c0,120,"PropertyDescriptor.isConfigurable native v8natives.js:457",0x56160e24,
code-creation,LazyCompile,0x561b3140,284,"IsDataDescriptor native v8natives.js:297",0x5615fb20,
code-creation,LazyCompile,0x561b3260,332,"IsGenericDescriptor native v8natives.js:304",0x5615fb7c,
code-creation,LazyCompile,0x561b33c0,284,"IsAccessorDescriptor native v8natives.js:290",0x5615fac4,
code-creation,CallIC,0x561b34e0,124,"IsAccessorDescriptor"
code-creation,LoadIC,0x561b3560,84,"hasGetter_"
code-creation,LoadIC,0x561b3560,84,"hasGetter_"
code-creation,LazyCompile,0x561b35c0,120,"PropertyDescriptor.hasGetter native v8natives.js:473",0x56160f38,
code-creation,LazyCompile,0x561b3640,120,"PropertyDescriptor.getGet native v8natives.js:468",0x56160edc,
code-creation,LazyCompile,0x561b36c0,120,"PropertyDescriptor.hasSetter native v8natives.js:489",0x5616104c,
code-creation,LazyCompile,0x561b3740,708,"__defineSetter__ native v8natives.js:258",0x5615f9b0,
code-creation,StoreIC,0x561b3a20,160,"value_"
code-creation,StoreIC,0x561b3a20,160,"value_"
code-creation,StoreIC,0x561b3ac0,160,"hasValue_"
code-creation,StoreIC,0x561b3ac0,160,"hasValue_"
code-creation,StoreIC,0x561b3b60,160,"writable_"
code-creation,StoreIC,0x561b3b60,160,"writable_"
code-creation,StoreIC,0x561b3c00,160,"hasWritable_"
code-creation,StoreIC,0x561b3c00,160,"hasWritable_"
code-creation,StoreIC,0x561b3ca0,160,"enumerable_"
code-creation,StoreIC,0x561b3ca0,160,"enumerable_"
code-creation,StoreIC,0x561b3d40,160,"hasEnumerable_"
code-creation,StoreIC,0x561b3d40,160,"hasEnumerable_"
code-creation,StoreIC,0x561b3de0,160,"configurable_"
code-creation,StoreIC,0x561b3de0,160,"configurable_"
code-creation,StoreIC,0x561b3e80,160,"hasConfigurable_"
code-creation,StoreIC,0x561b3e80,160,"hasConfigurable_"
code-creation,StoreIC,0x561b3f20,160,"get_"
code-creation,StoreIC,0x561b3f20,160,"get_"
code-creation,StoreIC,0x561b4020,160,"hasGetter_"
code-creation,StoreIC,0x561b4020,160,"hasGetter_"
code-creation,StoreIC,0x561b40c0,160,"set_"
code-creation,StoreIC,0x561b40c0,160,"set_"
code-creation,StoreIC,0x561b4160,160,"hasSetter_"
code-creation,StoreIC,0x561b4160,160,"hasSetter_"
code-creation,LazyCompile,0x561b4200,168,"PropertyDescriptor.setSet native v8natives.js:478",0x56160f94,
code-creation,StoreIC,0x561b42c0,148,"set_"
code-creation,StoreIC,0x561b42c0,148,"set_"
code-creation,StoreIC,0x561b4360,148,"hasSetter_"
code-creation,StoreIC,0x561b4360,148,"hasSetter_"
code-creation,CallIC,0x561b4400,124,"ConvertDescriptorArrayToDescriptor"
code-creation,LoadIC,0x561b4480,84,"hasValue_"
code-creation,LoadIC,0x561b4480,84,"hasValue_"
code-creation,LoadIC,0x561b44e0,84,"hasWritable_"
code-creation,LoadIC,0x561b44e0,84,"hasWritable_"
code-creation,LoadIC,0x561b4540,84,"hasEnumerable_"
code-creation,LoadIC,0x561b4540,84,"hasEnumerable_"
code-creation,LoadIC,0x561b45a0,84,"enumerable_"
code-creation,LoadIC,0x561b45a0,84,"enumerable_"
code-creation,Stub,0x561b4600,80,"TypeRecordingBinaryOpStub_DIV_Alloc_Uninitialized"
code-creation,LazyCompile,0x561b4660,568,"SameValue native runtime.js:576",0x5615e35c,
code-creation,LoadIC,0x561b48a0,84,"hasConfigurable_"
code-creation,LoadIC,0x561b48a0,84,"hasConfigurable_"
code-creation,LoadIC,0x561b4900,84,"configurable_"
code-creation,LoadIC,0x561b4900,84,"configurable_"
code-creation,LazyCompile,0x561b4960,120,"PropertyDescriptor.hasWritable native v8natives.js:441",0x56160d10,
code-creation,LazyCompile,0x561b49e0,120,"PropertyDescriptor.hasValue native v8natives.js:409",0x56160ae8,
code-creation,LoadIC,0x561b4a60,84,"hasSetter_"
code-creation,LoadIC,0x561b4a60,84,"hasSetter_"
code-creation,LazyCompile,0x561b4ac0,120,"PropertyDescriptor.getSet native v8natives.js:484",0x56160ff0,
code-creation,LoadIC,0x561b4b40,84,"set_"
code-creation,LoadIC,0x561b4b40,84,"set_"
code-creation,CallMiss,0x561b4ba0,200,"args_count: 0"
code-creation,CallIC,0x561b4c80,128,"hasEnumerable"
code-creation,CallIC,0x561b4d00,128,"isEnumerable"
code-creation,CallIC,0x561b4d80,128,"hasConfigurable"
code-creation,CallIC,0x561b4e00,128,"isConfigurable"
code-creation,CallIC,0x561b4e80,124,"IsDataDescriptor"
code-creation,CallIC,0x561b4f00,124,"IsGenericDescriptor"
code-creation,CallIC,0x561b4f80,128,"hasGetter"
code-creation,CallIC,0x561b5000,128,"hasSetter"
code-creation,LoadIC,0x561b5080,140,""
code-creation,LoadIC,0x561b5080,140,""
code-creation,StoreIC,0x561b5120,152,"type"
code-creation,StoreIC,0x561b5120,152,"type"
code-creation,StoreIC,0x561b51c0,152,"arguments"
code-creation,StoreIC,0x561b51c0,152,"arguments"
code-creation,Script,0x561b5260,292,"native apinatives.js",0x5616a844,
code-creation,Stub,0x561b53a0,212,"FastCloneShallowArrayStub"
code-creation,Script,0x561b5480,1912,"native date.js",0x5616cbc0,
code-creation,StoreIC,0x561b5c00,148,"time"
code-creation,StoreIC,0x561b5c00,148,"time"
code-creation,StoreIC,0x561b5ca0,148,"year"
code-creation,StoreIC,0x561b5ca0,148,"year"
code-creation,Stub,0x561b5d40,136,"CompareIC"
code-creation,LazyCompile,0x561b6020,2448,"WeekDays native date.js:398",0x5616cb44,
code-creation,LazyCompile,0x561b69c0,436,"TimeClip native date.js:378",0x5616b5ec,
code-creation,LazyCompile,0x561b6b80,356,"isFinite native v8natives.js:85",0x5615f504,
code-creation,Stub,0x561b6d00,216,"TypeRecordingBinaryOpStub_SUB_Alloc_HeapNumbers"
code-creation,Stub,0x561b6de0,236,"CompareIC"
code-creation,CallInitialize,0x561b6ee0,200,"args_count: 6"
code-creation,CallInitialize,0x561b6fc0,200,"args_count: 92"
code-creation,LazyCompile,0x561b70a0,2400,"SetupDate native date.js:1040",0x5616cae8,
code-creation,CallPreMonomorphic,0x561b7a00,200,"args_count: 6"
code-creation,CallPreMonomorphic,0x561b7ae0,200,"args_count: 92"
code-creation,Script,0x561b7bc0,276,"native json.js",0x5616dd04,
code-creation,LazyCompile,0x561b7ce0,276,"SetupJSON native json.js:335",0x5616dc88,
code-creation,Script,0x561b8020,552,"native regexp.js",0x5616e64c,
code-creation,Function,0x561b8260,212,"RegExpGetInput native regexp.js:422",0x5616e94c,
code-creation,Function,0x561b8340,188,"RegExpSetInput native regexp.js:426",0x5616e9c8,
code-creation,Function,0x561b8400,104,"RegExpGetMultiline native regexp.js:446",0x5616ea40,
code-creation,Function,0x561b8480,256,"RegExpSetMultiline native regexp.js:447",0x5616eabc,
code-creation,Function,0x561b8580,92,"NoOpSetter native regexp.js:455",0x5616eb38,
code-creation,CallInitialize,0x561b85e0,200,"args_count: 8"
code-creation,CallInitialize,0x561b86c0,200,"args_count: 1"
code-creation,LazyCompile,0x561b87a0,4052,"SetupRegExp native regexp.js:403",0x5616e5d0,
code-creation,LazyCompile,0x561b9780,328,"RegExpConstructor native regexp.js:81",0x5616e124,
code-creation,CallPreMonomorphic,0x561b98e0,200,"args_count: 8"
code-creation,LazyCompile,0x561b99c0,496,"ToPrimitive native runtime.js:482",0x5615df60,
code-creation,CallPreMonomorphic,0x561b9bc0,200,"args_count: 1"
code-creation,Stub,0x561b9ca0,80,"TypeRecordingBinaryOpStub_MUL_Alloc_Uninitialized"
code-creation,Stub,0x561b9d00,80,"TypeRecordingBinaryOpStub_ADD_OverwriteRight_Uninitialized"
code-creation,Function,0x561ad9c0,900," native regexp.js:366",0x56200294,
code-creation,LazyCompile,0x561b9d60,212,"RegExpMakeCaptureGetter native regexp.js:365",0x5616e574,
code-creation,CallIC,0x561b9e40,124,"ToPrimitive"
code-creation,LoadIC,0x561b9ec0,88,"$RegExp"
code-creation,LoadIC,0x561b9ec0,88,"$RegExp"
code-creation,CallIC,0x561b9f20,124,"RegExpMakeCaptureGetter"
code-delete,0x561a6ae0
code-delete,0x561a6fe0
code-delete,0x561ab480
code-delete,0x561ab520
code-delete,0x561ab5a0
code-delete,0x561ab620
code-delete,0x561ab6a0
code-delete,0x561ac940
code-delete,0x561aca80
code-delete,0x561b0e80
code-delete,0x561b1440
code-delete,0x561b14c0
code-delete,0x561b1600
code-delete,0x561b1680
code-delete,0x561b2600
code-delete,0x561b26a0
code-delete,0x561b2800
code-delete,0x561b28a0
code-delete,0x561b2a00
code-delete,0x561b2aa0
code-delete,0x561b34e0
code-delete,0x561b3560
code-delete,0x561b3a20
code-delete,0x561b3ac0
code-delete,0x561b3b60
code-delete,0x561b3c00
code-delete,0x561b3ca0
code-delete,0x561b3d40
code-delete,0x561b3de0
code-delete,0x561b3e80
code-delete,0x561b3f20
code-delete,0x561b4020
code-delete,0x561b40c0
code-delete,0x561b4160
code-delete,0x561b42c0
code-delete,0x561b4360
code-delete,0x561b4400
code-delete,0x561b4480
code-delete,0x561b44e0
code-delete,0x561b4540
code-delete,0x561b45a0
code-delete,0x561b48a0
code-delete,0x561b4900
code-delete,0x561b4a60
code-delete,0x561b4b40
code-delete,0x561b4c80
code-delete,0x561b4d00
code-delete,0x561b4d80
code-delete,0x561b4e00
code-delete,0x561b4e80
code-delete,0x561b4f00
code-delete,0x561b4f80
code-delete,0x561b5000
code-delete,0x561b5080
code-delete,0x561b5120
code-delete,0x561b51c0
code-delete,0x561b5c00
code-delete,0x561b5ca0
code-delete,0x561b9e40
code-delete,0x561b9ec0
code-delete,0x561b9f20
sfi-move,0x5615c228,0x5615c228
sfi-move,0x5615c2b4,0x5615c2b4
sfi-move,0x5615c38c,0x5615c38c
sfi-move,0x5615c40c,0x5615c40c
sfi-move,0x5615c48c,0x5615c48c
sfi-move,0x5615c524,0x5615c524
sfi-move,0x5615c5b4,0x5615c5b4
sfi-move,0x5615c634,0x5615c634
sfi-move,0x5615c6b4,0x5615c6b4
sfi-move,0x5615c734,0x5615c734
sfi-move,0x5615c7b4,0x5615c7b4
sfi-move,0x5615c834,0x5615c834
sfi-move,0x5615c8b4,0x5615c8b4
sfi-move,0x5615c934,0x5615c934
sfi-move,0x5615c9c0,0x5615c9c0
sfi-move,0x5615ca60,0x5615ca60
sfi-move,0x5615cae0,0x5615cae0
sfi-move,0x5615cb60,0x5615cb60
sfi-move,0x5615cbe0,0x5615cbe0
sfi-move,0x5615cc60,0x5615cc60
sfi-move,0x5615ce8c,0x5615ce8c
sfi-move,0x5615d014,0x5615d014
sfi-move,0x5615d094,0x5615d094
sfi-move,0x5615d158,0x5615d158
sfi-move,0x5615d1e4,0x5615d1e4
sfi-move,0x5615d498,0x5615d448
sfi-move,0x5615d4f4,0x5615d4a4
sfi-move,0x5615d550,0x5615d500
sfi-move,0x5615d5ac,0x5615d55c
sfi-move,0x5615d608,0x5615d5b8
sfi-move,0x5615d664,0x5615d614
sfi-move,0x5615d6c0,0x5615d670
sfi-move,0x5615d71c,0x5615d6cc
sfi-move,0x5615d778,0x5615d728
sfi-move,0x5615d7d4,0x5615d784
sfi-move,0x5615d830,0x5615d7e0
sfi-move,0x5615d88c,0x5615d83c
sfi-move,0x5615d8e8,0x5615d898
sfi-move,0x5615d944,0x5615d8f4
sfi-move,0x5615d9a0,0x5615d950
sfi-move,0x5615d9fc,0x5615d9ac
sfi-move,0x5615da58,0x5615da08
sfi-move,0x5615dab4,0x5615da64
sfi-move,0x5615db10,0x5615dac0
sfi-move,0x5615db6c,0x5615db1c
sfi-move,0x5615dbc8,0x5615db78
sfi-move,0x5615dc24,0x5615dbd4
sfi-move,0x5615dc80,0x5615dc30
sfi-move,0x5615dcdc,0x5615dc8c
sfi-move,0x5615dd38,0x5615dce8
sfi-move,0x5615dd94,0x5615dd44
sfi-move,0x5615ddf0,0x5615dda0
sfi-move,0x5615de4c,0x5615ddfc
sfi-move,0x5615dea8,0x5615de58
sfi-move,0x5615df04,0x5615deb4
sfi-move,0x5615df60,0x5615df10
sfi-move,0x5615e020,0x5615e020
sfi-move,0x5615e07c,0x5615e07c
sfi-move,0x5615e0d8,0x5615e0d8
sfi-move,0x5615e134,0x5615e134
sfi-move,0x5615e190,0x5615e190
sfi-move,0x5615e1ec,0x5615e1ec
sfi-move,0x5615e248,0x5615e248
sfi-move,0x5615e2a4,0x5615e2a4
sfi-move,0x5615e300,0x5615e300
sfi-move,0x5615e35c,0x5615e35c
sfi-move,0x5615e3b8,0x5615e3b8
sfi-move,0x5615e414,0x5615e414
sfi-move,0x5615e470,0x5615e470
sfi-move,0x5615e4ec,0x5615e4ec
sfi-move,0x5615f3f0,0x5615f2ac
sfi-move,0x5615f44c,0x5615f308
sfi-move,0x5615f4a8,0x5615f364
sfi-move,0x5615f504,0x5615f3c0
sfi-move,0x5615f560,0x5615f41c
sfi-move,0x5615f5bc,0x5615f478
sfi-move,0x5615f618,0x5615f4d4
sfi-move,0x5615f674,0x5615f530
sfi-move,0x5615f6d0,0x5615f58c
sfi-move,0x5615f72c,0x5615f5e8
sfi-move,0x5615f788,0x5615f644
sfi-move,0x5615f7e4,0x5615f6a0
sfi-move,0x5615f840,0x5615f6fc
sfi-move,0x5615f89c,0x5615f758
sfi-move,0x5615f8f8,0x5615f7b4
sfi-move,0x5615f954,0x5615f810
sfi-move,0x5615f9b0,0x5615f86c
sfi-move,0x5615fa0c,0x5615f8c8
sfi-move,0x5615fa68,0x5615f924
sfi-move,0x5615fac4,0x5615f980
sfi-move,0x5615fb20,0x5615f9dc
sfi-move,0x5615fb7c,0x5615fa38
sfi-move,0x5615fbd8,0x5615fa94
sfi-move,0x5615fc34,0x5615faf0
sfi-move,0x5615fc90,0x5615fb4c
sfi-move,0x5615fcec,0x5615fba8
sfi-move,0x5615fd48,0x5615fc04
sfi-move,0x5615fda4,0x5615fc60
sfi-move,0x5615fe00,0x5615fcbc
sfi-move,0x5615fe5c,0x5615fd18
sfi-move,0x5615feb8,0x5615fd74
sfi-move,0x5615ff14,0x5615fdd0
sfi-move,0x5615ff70,0x5615fe2c
sfi-move,0x56160020,0x5615fe98
sfi-move,0x5616007c,0x5615fef4
sfi-move,0x561600d8,0x5615ff50
sfi-move,0x56160134,0x56160020
sfi-move,0x56160190,0x5616007c
sfi-move,0x561601ec,0x561600d8
sfi-move,0x56160248,0x56160134
sfi-move,0x561602a4,0x56160190
sfi-move,0x56160300,0x561601ec
sfi-move,0x5616035c,0x56160248
sfi-move,0x561603b8,0x561602a4
sfi-move,0x56160414,0x56160300
sfi-move,0x56160470,0x5616035c
sfi-move,0x561604cc,0x561603b8
sfi-move,0x56160528,0x56160414
sfi-move,0x56160584,0x56160470
sfi-move,0x561605e0,0x561604cc
sfi-move,0x5616063c,0x56160528
sfi-move,0x56160698,0x56160584
sfi-move,0x561606f4,0x561605e0
sfi-move,0x56160750,0x5616063c
sfi-move,0x561607ac,0x56160698
sfi-move,0x56160808,0x561606f4
sfi-move,0x56160864,0x56160750
sfi-move,0x561608c0,0x561607ac
sfi-move,0x5616091c,0x56160808
sfi-move,0x56160978,0x56160864
sfi-move,0x561609d4,0x561608c0
sfi-move,0x56160a30,0x5616091c
sfi-move,0x56160a8c,0x56160978
sfi-move,0x56160ae8,0x561609d4
sfi-move,0x56160b44,0x56160a30
sfi-move,0x56160ba0,0x56160a8c
sfi-move,0x56160bfc,0x56160ae8
sfi-move,0x56160c58,0x56160b44
sfi-move,0x56160cb4,0x56160ba0
sfi-move,0x56160d10,0x56160bfc
sfi-move,0x56160d6c,0x56160c58
sfi-move,0x56160dc8,0x56160cb4
sfi-move,0x56160e24,0x56160d10
sfi-move,0x56160e80,0x56160d6c
sfi-move,0x56160edc,0x56160dc8
sfi-move,0x56160f38,0x56160e24
sfi-move,0x56160f94,0x56160e80
sfi-move,0x56160ff0,0x56160edc
sfi-move,0x5616104c,0x56160f38
sfi-move,0x561610a8,0x56160f94
sfi-move,0x56161104,0x56160ff0
sfi-move,0x56161180,0x5616106c
sfi-move,0x561621cc,0x56162020
sfi-move,0x56162228,0x5616207c
sfi-move,0x56162284,0x561620d8
sfi-move,0x561622e0,0x56162134
sfi-move,0x5616233c,0x56162190
sfi-move,0x56162398,0x561621ec
sfi-move,0x561623f4,0x56162248
sfi-move,0x56162450,0x561622a4
sfi-move,0x561624ac,0x56162300
sfi-move,0x56162508,0x5616235c
sfi-move,0x56162564,0x561623b8
sfi-move,0x561625c0,0x56162414
sfi-move,0x5616261c,0x56162470
sfi-move,0x56162678,0x561624cc
sfi-move,0x561626d4,0x56162528
sfi-move,0x56162730,0x56162584
sfi-move,0x5616278c,0x561625e0
sfi-move,0x561627e8,0x5616263c
sfi-move,0x56162844,0x56162698
sfi-move,0x561628a0,0x561626f4
sfi-move,0x561628fc,0x56162750
sfi-move,0x56162958,0x561627ac
sfi-move,0x561629b4,0x56162808
sfi-move,0x56162a10,0x56162864
sfi-move,0x56162a6c,0x561628c0
sfi-move,0x56162ac8,0x5616291c
sfi-move,0x56162b24,0x56162978
sfi-move,0x56162b80,0x561629d4
sfi-move,0x56162bdc,0x56162a30
sfi-move,0x56162c38,0x56162a8c
sfi-move,0x56162c94,0x56162ae8
sfi-move,0x56162cf0,0x56162b44
sfi-move,0x56162d4c,0x56162ba0
sfi-move,0x56162da8,0x56162bfc
sfi-move,0x56162e24,0x56162c78
sfi-move,0x56163454,0x56163284
sfi-move,0x561634cc,0x561632fc
sfi-move,0x56163550,0x56163380
sfi-move,0x561635d0,0x56163400
sfi-move,0x56163650,0x56163480
sfi-move,0x561636d0,0x56163500
sfi-move,0x56163750,0x56163580
sfi-move,0x561637d0,0x56163600
sfi-move,0x56163850,0x56163680
sfi-move,0x56163bbc,0x5616398c
sfi-move,0x56163c18,0x561639e8
sfi-move,0x56163c74,0x56163a44
sfi-move,0x56163cd0,0x56163aa0
sfi-move,0x56163d2c,0x56163afc
sfi-move,0x56163d88,0x56163b58
sfi-move,0x56163de4,0x56163bb4
sfi-move,0x56163e40,0x56163c10
sfi-move,0x56163e9c,0x56163c6c
sfi-move,0x56163ef8,0x56163cc8
sfi-move,0x56163f54,0x56163d24
sfi-move,0x56164020,0x56163da4
sfi-move,0x5616407c,0x56163e00
sfi-move,0x561640d8,0x56163e5c
sfi-move,0x56164134,0x56163eb8
sfi-move,0x56164190,0x56163f14
sfi-move,0x561641ec,0x56163f70
sfi-move,0x56164248,0x56164020
sfi-move,0x561642a4,0x5616407c
sfi-move,0x56164300,0x561640d8
sfi-move,0x5616435c,0x56164134
sfi-move,0x561643b8,0x56164190
sfi-move,0x56164414,0x561641ec
sfi-move,0x56164470,0x56164248
sfi-move,0x561644cc,0x561642a4
sfi-move,0x56164528,0x56164300
sfi-move,0x56164584,0x5616435c
sfi-move,0x561645e0,0x561643b8
sfi-move,0x5616463c,0x56164414
sfi-move,0x56164698,0x56164470
sfi-move,0x561646f4,0x561644cc
sfi-move,0x56164750,0x56164528
sfi-move,0x561647ac,0x56164584
sfi-move,0x56164808,0x561645e0
sfi-move,0x56164864,0x5616463c
sfi-move,0x561648c0,0x56164698
sfi-move,0x5616491c,0x561646f4
sfi-move,0x56164978,0x56164750
sfi-move,0x561649d4,0x561647ac
sfi-move,0x56164a30,0x56164808
sfi-move,0x56164a8c,0x56164864
sfi-move,0x56164ae8,0x561648c0
sfi-move,0x56164b44,0x5616491c
sfi-move,0x56164ba0,0x56164978
sfi-move,0x56164bfc,0x561649d4
sfi-move,0x56164c58,0x56164a30
sfi-move,0x56164cb4,0x56164a8c
sfi-move,0x56164d10,0x56164ae8
sfi-move,0x56164d6c,0x56164b44
sfi-move,0x56164de8,0x56164bc0
sfi-move,0x56165750,0x56165464
sfi-move,0x561657ac,0x561654c0
sfi-move,0x56165808,0x5616551c
sfi-move,0x56165864,0x56165578
sfi-move,0x561658c0,0x561655d4
sfi-move,0x5616591c,0x56165630
sfi-move,0x56165978,0x5616568c
sfi-move,0x561659d4,0x561656e8
sfi-move,0x56165a30,0x56165744
sfi-move,0x56165a8c,0x561657a0
sfi-move,0x56165ae8,0x561657fc
sfi-move,0x56165b44,0x56165858
sfi-move,0x56165ba0,0x561658b4
sfi-move,0x56165bfc,0x56165910
sfi-move,0x56165c58,0x5616596c
sfi-move,0x56165cb4,0x561659c8
sfi-move,0x56165d10,0x56165a24
sfi-move,0x56165d6c,0x56165a80
sfi-move,0x56165dc8,0x56165adc
sfi-move,0x56165e44,0x56165b58
sfi-move,0x561662d8,0x56166020
sfi-move,0x56166334,0x5616607c
sfi-move,0x56166390,0x561660d8
sfi-move,0x561663ec,0x56166134
sfi-move,0x56166448,0x56166190
sfi-move,0x561664a4,0x561661ec
sfi-move,0x56166500,0x56166248
sfi-move,0x5616655c,0x561662a4
sfi-move,0x561665b8,0x56166300
sfi-move,0x56166614,0x5616635c
sfi-move,0x56166670,0x561663b8
sfi-move,0x561666cc,0x56166414
sfi-move,0x56166728,0x56166470
sfi-move,0x56166784,0x561664cc
sfi-move,0x561667e0,0x56166528
sfi-move,0x5616683c,0x56166584
sfi-move,0x56166898,0x561665e0
sfi-move,0x561668f4,0x5616663c
sfi-move,0x56166950,0x56166698
sfi-move,0x561669ac,0x561666f4
sfi-move,0x56166a28,0x56166770
sfi-move,0x56167dd4,0x56166c8c
sfi-move,0x56167e30,0x56166ce8
sfi-move,0x56167e8c,0x56166d44
sfi-move,0x56167ee8,0x56166da0
sfi-move,0x56167f44,0x56166dfc
sfi-move,0x56167fa0,0x56166e58
sfi-move,0x56168020,0x56166eb4
sfi-move,0x5616807c,0x56166f10
sfi-move,0x561680d8,0x56166f6c
sfi-move,0x56168134,0x56166fc8
sfi-move,0x56168190,0x56167024
sfi-move,0x561681ec,0x56167080
sfi-move,0x56168248,0x561670dc
sfi-move,0x561682a4,0x56167138
sfi-move,0x56168300,0x56167194
sfi-move,0x5616835c,0x561671f0
sfi-move,0x561683b8,0x5616724c
sfi-move,0x56168414,0x561672a8
sfi-move,0x56168470,0x56167304
sfi-move,0x561684cc,0x56167360
sfi-move,0x56168528,0x561673bc
sfi-move,0x56168584,0x56167418
sfi-move,0x561685e0,0x56167474
sfi-move,0x5616863c,0x561674d0
sfi-move,0x56168698,0x5616752c
sfi-move,0x561686f4,0x56167588
sfi-move,0x56168750,0x561675e4
sfi-move,0x561687ac,0x56167640
sfi-move,0x56168808,0x5616769c
sfi-move,0x56168864,0x561676f8
sfi-move,0x561688c0,0x56167754
sfi-move,0x5616891c,0x561677b0
sfi-move,0x56168978,0x5616780c
sfi-move,0x561689d4,0x56167868
sfi-move,0x56168a30,0x561678c4
sfi-move,0x56168a8c,0x56167920
sfi-move,0x56168ae8,0x5616797c
sfi-move,0x56168b44,0x561679d8
sfi-move,0x56168ba0,0x56167a34
sfi-move,0x56168bfc,0x56167a90
sfi-move,0x56168c58,0x56167aec
sfi-move,0x56168cb4,0x56167b48
sfi-move,0x56168d10,0x56167ba4
sfi-move,0x56168d6c,0x56167c00
sfi-move,0x56168dc8,0x56167c5c
sfi-move,0x56168e24,0x56167cb8
sfi-move,0x56168e80,0x56167d14
sfi-move,0x56168edc,0x56167d70
sfi-move,0x56168f38,0x56167dcc
sfi-move,0x56168f94,0x56167e28
sfi-move,0x56168ff0,0x56167e84
sfi-move,0x5616904c,0x56167ee0
sfi-move,0x561690a8,0x56167f3c
sfi-move,0x56169104,0x56167f98
sfi-move,0x56169160,0x56168020
sfi-move,0x561691bc,0x5616807c
sfi-move,0x56169218,0x561680d8
sfi-move,0x56169274,0x56168134
sfi-move,0x561692d0,0x56168190
sfi-move,0x5616932c,0x561681ec
sfi-move,0x56169388,0x56168248
sfi-move,0x56169404,0x561682c4
sfi-move,0x56169e18,0x56168c98
sfi-move,0x56169e94,0x56168d14
sfi-move,0x56169f10,0x56168d90
sfi-move,0x5616a020,0x56168e50
sfi-move,0x5616a124,0x56168f48
sfi-move,0x5616a1a0,0x56168fc4
sfi-move,0x5616a6b8,0x56169428
sfi-move,0x5616a714,0x56169484
sfi-move,0x5616a770,0x561694e0
sfi-move,0x5616a7cc,0x5616953c
sfi-move,0x5616a844,0x561695b4
sfi-move,0x5616ae04,0x56169b2c
sfi-move,0x5616ae60,0x56169b88
sfi-move,0x5616aebc,0x56169be4
sfi-move,0x5616af18,0x56169c40
sfi-move,0x5616af74,0x56169c9c
sfi-move,0x5616afd0,0x56169cf8
sfi-move,0x5616b02c,0x56169d54
sfi-move,0x5616b088,0x56169db0
sfi-move,0x5616b0e4,0x56169e0c
sfi-move,0x5616b140,0x56169e68
sfi-move,0x5616b19c,0x56169ec4
sfi-move,0x5616b1f8,0x56169f20
sfi-move,0x5616b254,0x56169f7c
sfi-move,0x5616b2b0,0x5616a020
sfi-move,0x5616b30c,0x5616a07c
sfi-move,0x5616b368,0x5616a0d8
sfi-move,0x5616b3c4,0x5616a134
sfi-move,0x5616b420,0x5616a190
sfi-move,0x5616b47c,0x5616a1ec
sfi-move,0x5616b4d8,0x5616a248
sfi-move,0x5616b534,0x5616a2a4
sfi-move,0x5616b590,0x5616a300
sfi-move,0x5616b5ec,0x5616a35c
sfi-move,0x5616b648,0x5616a3b8
sfi-move,0x5616b6a4,0x5616a414
sfi-move,0x5616b700,0x5616a470
sfi-move,0x5616b75c,0x5616a4cc
sfi-move,0x5616b7b8,0x5616a528
sfi-move,0x5616b814,0x5616a584
sfi-move,0x5616b870,0x5616a5e0
sfi-move,0x5616b8cc,0x5616a63c
sfi-move,0x5616b928,0x5616a698
sfi-move,0x5616b984,0x5616a6f4
sfi-move,0x5616b9e0,0x5616a750
sfi-move,0x5616ba3c,0x5616a7ac
sfi-move,0x5616ba98,0x5616a808
sfi-move,0x5616baf4,0x5616a864
sfi-move,0x5616bb50,0x5616a8c0
sfi-move,0x5616bbac,0x5616a91c
sfi-move,0x5616bc08,0x5616a978
sfi-move,0x5616bc64,0x5616a9d4
sfi-move,0x5616bcc0,0x5616aa30
sfi-move,0x5616bd1c,0x5616aa8c
sfi-move,0x5616bd78,0x5616aae8
sfi-move,0x5616bdd4,0x5616ab44
sfi-move,0x5616be30,0x5616aba0
sfi-move,0x5616be8c,0x5616abfc
sfi-move,0x5616bee8,0x5616ac58
sfi-move,0x5616bf44,0x5616acb4
sfi-move,0x5616bfa0,0x5616ad10
sfi-move,0x5616c020,0x5616ad6c
sfi-move,0x5616c07c,0x5616adc8
sfi-move,0x5616c0d8,0x5616ae24
sfi-move,0x5616c134,0x5616ae80
sfi-move,0x5616c190,0x5616aedc
sfi-move,0x5616c1ec,0x5616af38
sfi-move,0x5616c248,0x5616af94
sfi-move,0x5616c2a4,0x5616aff0
sfi-move,0x5616c300,0x5616b04c
sfi-move,0x5616c35c,0x5616b0a8
sfi-move,0x5616c3b8,0x5616b104
sfi-move,0x5616c414,0x5616b160
sfi-move,0x5616c470,0x5616b1bc
sfi-move,0x5616c4cc,0x5616b218
sfi-move,0x5616c528,0x5616b274
sfi-move,0x5616c584,0x5616b2d0
sfi-move,0x5616c5e0,0x5616b32c
sfi-move,0x5616c63c,0x5616b388
sfi-move,0x5616c698,0x5616b3e4
sfi-move,0x5616c6f4,0x5616b440
sfi-move,0x5616c750,0x5616b49c
sfi-move,0x5616c7ac,0x5616b4f8
sfi-move,0x5616c808,0x5616b554
sfi-move,0x5616c864,0x5616b5b0
sfi-move,0x5616c8c0,0x5616b60c
sfi-move,0x5616c91c,0x5616b668
sfi-move,0x5616c978,0x5616b6c4
sfi-move,0x5616c9d4,0x5616b720
sfi-move,0x5616ca30,0x5616b77c
sfi-move,0x5616ca8c,0x5616b7d8
sfi-move,0x5616cae8,0x5616b834
sfi-move,0x5616cb44,0x5616b890
sfi-move,0x5616cbc0,0x5616b90c
sfi-move,0x5616d94c,0x5616c65c
sfi-move,0x5616d9a8,0x5616c6b8
sfi-move,0x5616da04,0x5616c714
sfi-move,0x5616da60,0x5616c770
sfi-move,0x5616dabc,0x5616c7cc
sfi-move,0x5616db18,0x5616c828
sfi-move,0x5616db74,0x5616c884
sfi-move,0x5616dbd0,0x5616c8e0
sfi-move,0x5616dc2c,0x5616c93c
sfi-move,0x5616dc88,0x5616c998
sfi-move,0x5616dd04,0x5616ca14
sfi-move,0x5616e0c8,0x5616cd1c
sfi-move,0x5616e124,0x5616cd78
sfi-move,0x5616e180,0x5616cdd4
sfi-move,0x5616e1dc,0x5616ce30
sfi-move,0x5616e238,0x5616ce8c
sfi-move,0x5616e294,0x5616cee8
sfi-move,0x5616e2f0,0x5616cf44
sfi-move,0x5616e34c,0x5616cfa0
sfi-move,0x5616e3a8,0x5616cffc
sfi-move,0x5616e404,0x5616d058
sfi-move,0x5616e460,0x5616d0b4
sfi-move,0x5616e4bc,0x5616d110
sfi-move,0x5616e518,0x5616d16c
sfi-move,0x5616e574,0x5616d1c8
sfi-move,0x5616e5d0,0x5616d224
sfi-move,0x5616e64c,0x5616d2a0
sfi-move,0x5616e94c,0x5616d57c
sfi-move,0x5616e9c8,0x5616d5f8
sfi-move,0x5616ea40,0x5616d670
sfi-move,0x5616eabc,0x5616d6ec
sfi-move,0x5616eb38,0x5616d768
sfi-move,0x56200294,0x56178184
sfi-move,0x562003a8,0x56178298
sfi-move,0x56200428,0x56178318
code-move,0x5619c020,0x5619c020
code-move,0x5619c160,0x5619c160
code-move,0x5619c2a0,0x5619c2a0
code-move,0x5619c2e0,0x5619c2e0
code-move,0x5619c320,0x5619c320
code-move,0x5619c360,0x5619c360
code-move,0x5619c3a0,0x5619c3a0
code-move,0x5619c3e0,0x5619c3e0
code-move,0x5619c420,0x5619c420
code-move,0x5619c460,0x5619c460
code-move,0x5619c4a0,0x5619c4a0
code-move,0x5619c4e0,0x5619c4e0
code-move,0x5619c520,0x5619c520
code-move,0x5619c560,0x5619c560
code-move,0x5619c5a0,0x5619c5a0
code-move,0x5619c5e0,0x5619c5e0
code-move,0x5619c620,0x5619c620
code-move,0x5619c660,0x5619c660
code-move,0x5619c6a0,0x5619c6a0
code-move,0x5619c6e0,0x5619c6e0
code-move,0x5619c720,0x5619c720
code-move,0x5619c760,0x5619c760
code-move,0x5619c840,0x5619c840
code-move,0x5619c8c0,0x5619c8c0
code-move,0x5619cb20,0x5619cb20
code-move,0x5619cd40,0x5619cd40
code-move,0x5619cf40,0x5619cf40
code-move,0x5619d020,0x5619d020
code-move,0x5619d0e0,0x5619d0e0
code-move,0x5619d160,0x5619d160
code-move,0x5619d1e0,0x5619d1e0
code-move,0x5619d280,0x5619d280
code-move,0x5619d320,0x5619d320
code-move,0x5619d3a0,0x5619d3a0
code-move,0x5619d400,0x5619d400
code-move,0x5619d440,0x5619d440
code-move,0x5619d4a0,0x5619d4a0
code-move,0x5619d4e0,0x5619d4e0
code-move,0x5619d540,0x5619d540
code-move,0x5619d5a0,0x5619d5a0
code-move,0x5619d6e0,0x5619d6e0
code-move,0x5619d740,0x5619d740
code-move,0x5619d7a0,0x5619d7a0
code-move,0x5619d840,0x5619d840
code-move,0x5619d8e0,0x5619d8e0
code-move,0x5619da00,0x5619da00
code-move,0x5619da40,0x5619da40
code-move,0x5619da80,0x5619da80
code-move,0x5619e020,0x5619e020
code-move,0x5619e2c0,0x5619e2c0
code-move,0x5619e340,0x5619e340
code-move,0x5619e3a0,0x5619e3a0
code-move,0x5619e440,0x5619e440
code-move,0x5619e5c0,0x5619e5c0
code-move,0x5619e6e0,0x5619e6e0
code-move,0x5619e740,0x5619e740
code-move,0x5619e7a0,0x5619e7a0
code-move,0x5619e840,0x5619e840
code-move,0x5619e9c0,0x5619e9c0
code-move,0x5619eae0,0x5619eae0
code-move,0x5619eb40,0x5619eb40
code-move,0x5619eb80,0x5619eb80
code-move,0x5619ecc0,0x5619ecc0
code-move,0x5619ed00,0x5619ed00
code-move,0x5619ee40,0x5619ee40
code-move,0x5619efe0,0x5619efe0
code-move,0x5619f1a0,0x5619f1a0
code-move,0x5619f400,0x5619f400
code-move,0x5619f660,0x5619f660
code-move,0x5619f820,0x5619f820
code-move,0x5619fb80,0x5619fb80
code-move,0x5619fc00,0x5619fc00
code-move,0x5619fc80,0x5619fc80
code-move,0x5619fd00,0x5619fd00
code-move,0x5619fd80,0x5619fd80
code-move,0x5619fe00,0x5619fe00
code-move,0x5619fe80,0x5619fe80
code-move,0x5619ff00,0x5619ff00
code-move,0x5619ff80,0x5619ff80
code-move,0x561a0020,0x561a0020
code-move,0x561a0080,0x561a0080
code-move,0x561a00c0,0x561a00c0
code-move,0x561a0400,0x561a0400
code-move,0x561a04e0,0x561a04e0
code-move,0x561a05c0,0x561a05c0
code-move,0x561a0be0,0x561a0be0
code-move,0x561a0d60,0x561a0d60
code-move,0x561a0e40,0x561a0e40
code-move,0x561a0ee0,0x561a0ee0
code-move,0x561a1380,0x561a1380
code-move,0x561a1840,0x561a1840
code-move,0x561a1b60,0x561a1b60
code-move,0x561a1ca0,0x561a1ca0
code-move,0x561a1de0,0x561a1de0
code-move,0x561a2020,0x561a2020
code-move,0x561a2160,0x561a2160
code-move,0x561a22a0,0x561a22a0
code-move,0x561a2460,0x561a2460
code-move,0x561a25a0,0x561a25a0
code-move,0x561a2680,0x561a2680
code-move,0x561a2760,0x561a2760
code-move,0x561a28a0,0x561a28a0
code-move,0x561a2a60,0x561a2a60
code-move,0x561a2ba0,0x561a2ba0
code-move,0x561a2c80,0x561a2c80
code-move,0x561a2d60,0x561a2d60
code-move,0x561a2f80,0x561a2f80
code-move,0x561a3060,0x561a3060
code-move,0x561a3120,0x561a3120
code-move,0x561a3400,0x561a3400
code-move,0x561a3480,0x561a3480
code-move,0x561a35a0,0x561a35a0
code-move,0x561a36c0,0x561a36c0
code-move,0x561a38a0,0x561a38a0
code-move,0x561a3a80,0x561a3a80
code-move,0x561a3b20,0x561a3b20
code-move,0x561a3bc0,0x561a3bc0
code-move,0x561a3c60,0x561a3c60
code-move,0x561a3d00,0x561a3d00
code-move,0x561a4020,0x561a4020
code-move,0x561a42a0,0x561a42a0
code-move,0x561a4540,0x561a4540
code-move,0x561a45e0,0x561a45e0
code-move,0x561a4680,0x561a4680
code-move,0x561a4720,0x561a4720
code-move,0x561a47e0,0x561a47e0
code-move,0x561a4ce0,0x561a4ce0
code-move,0x561a4dc0,0x561a4dc0
code-move,0x561a4ea0,0x561a4ea0
code-move,0x561a5d80,0x561a5d80
code-move,0x561a5e60,0x561a5e60
code-move,0x561a6020,0x561a6020
code-move,0x561a6100,0x561a6100
code-move,0x561a63a0,0x561a63a0
code-move,0x561a6480,0x561a6480
code-move,0x561a6560,0x561a6560
code-move,0x561a65c0,0x561a65c0
code-move,0x561a6620,0x561a6620
code-move,0x561a6900,0x561a6900
code-move,0x561a69a0,0x561a69a0
code-move,0x561a6a40,0x561a6a40
code-move,0x561a6b60,0x561a6ae0
code-move,0x561a6be0,0x561a6b60
code-move,0x561a6d20,0x561a6ca0
code-move,0x561a6e00,0x561a6d80
code-move,0x561a7080,0x561a6f60
code-move,0x561a7220,0x561a7100
code-move,0x561a7300,0x561a71e0
code-move,0x561a73e0,0x561a72c0
code-move,0x561a78c0,0x561a77a0
code-move,0x561a79a0,0x561a7880
code-move,0x561a7a80,0x561a7960
code-move,0x561a7b60,0x561a7a40
code-move,0x561a7ca0,0x561a7b80
code-move,0x561a7d80,0x561a7c60
code-move,0x561a7ee0,0x561a7dc0
code-move,0x561a8020,0x561a8020
code-move,0x561a8240,0x561a8240
code-move,0x561a8320,0x561a8320
code-move,0x561a87e0,0x561a87e0
code-move,0x561a88c0,0x561a88c0
code-move,0x561a8920,0x561a8920
code-move,0x561a89c0,0x561a89c0
code-move,0x561a8a20,0x561a8a20
code-move,0x561a8a80,0x561a8a80
code-move,0x561a8b80,0x561a8b80
code-move,0x561a90c0,0x561a90c0
code-move,0x561a9200,0x561a9200
code-move,0x561a9320,0x561a9320
code-move,0x561a93e0,0x561a93e0
code-move,0x561a9540,0x561a9540
code-move,0x561a9600,0x561a9600
code-move,0x561a9700,0x561a9700
code-move,0x561a9800,0x561a9800
code-move,0x561a98e0,0x561a98e0
code-move,0x561aa020,0x561aa020
code-move,0x561aada0,0x561aada0
code-move,0x561aae80,0x561aae80
code-move,0x561aaf60,0x561aaf60
code-move,0x561ab1a0,0x561ab1a0
code-move,0x561ab3a0,0x561ab3a0
code-move,0x561ab720,0x561ab480
code-move,0x561ab800,0x561ab560
code-move,0x561ab900,0x561ab660
code-move,0x561ab9c0,0x561ab720
code-move,0x561abe60,0x561abbc0
code-move,0x561ac020,0x561abd60
code-move,0x561ac100,0x561ac020
code-move,0x561ac860,0x561ac780
code-move,0x561ac9a0,0x561ac860
code-move,0x561acb00,0x561ac940
code-move,0x561acc20,0x561aca60
code-move,0x561acde0,0x561acc20
code-move,0x561ad0e0,0x561acf20
code-move,0x561ad140,0x561acf80
code-move,0x561ad220,0x561ad060
code-move,0x561ad8e0,0x561ad720
code-move,0x561ad9c0,0x561ad800
code-move,0x561ae020,0x561ae020
code-move,0x561af5c0,0x561af5c0
code-move,0x561af680,0x561af680
code-move,0x561af6e0,0x561af6e0
code-move,0x561af7c0,0x561af7c0
code-move,0x561afa60,0x561afa60
code-move,0x561b0020,0x561b0020
code-move,0x561b05e0,0x561b05e0
code-move,0x561b0ba0,0x561b0ba0
code-move,0x561b0c40,0x561b0c40
code-move,0x561b0ee0,0x561b0e80
code-move,0x561b1100,0x561b10a0
code-move,0x561b11a0,0x561b1140
code-move,0x561b1520,0x561b13e0
code-move,0x561b1720,0x561b14c0
code-move,0x561b17e0,0x561b1580
code-move,0x561b1920,0x561b16c0
code-move,0x561b19e0,0x561b1780
code-move,0x561b1ae0,0x561b1880
code-move,0x561b1c80,0x561b1a20
code-move,0x561b1d80,0x561b1b20
code-move,0x561b2020,0x561b1d00
code-move,0x561b2300,0x561b2020
code-move,0x561b2540,0x561b2260
code-move,0x561b2740,0x561b2320
code-move,0x561b2940,0x561b23e0
code-move,0x561b2b40,0x561b24a0
code-move,0x561b2ba0,0x561b2500
code-move,0x561b2ec0,0x561b2820
code-move,0x561b2f40,0x561b28a0
code-move,0x561b2fc0,0x561b2920
code-move,0x561b3040,0x561b29a0
code-move,0x561b30c0,0x561b2a20
code-move,0x561b3140,0x561b2aa0
code-move,0x561b3260,0x561b2bc0
code-move,0x561b33c0,0x561b2d20
code-move,0x561b35c0,0x561b2e40
code-move,0x561b3640,0x561b2ec0
code-move,0x561b36c0,0x561b2f40
code-move,0x561b3740,0x561b2fc0
code-move,0x561b4200,0x561b32a0
code-move,0x561b4600,0x561b3360
code-move,0x561b4660,0x561b33c0
code-move,0x561b4960,0x561b3600
code-move,0x561b49e0,0x561b3680
code-move,0x561b4ac0,0x561b3700
code-move,0x561b4ba0,0x561b3780
code-move,0x561b5260,0x561b3860
code-move,0x561b53a0,0x561b39a0
code-move,0x561b5480,0x561b4020
code-move,0x561b5d40,0x561b47a0
code-move,0x561b6020,0x561b4840
code-move,0x561b69c0,0x561b51e0
code-move,0x561b6b80,0x561b53a0
code-move,0x561b6d00,0x561b5520
code-move,0x561b6de0,0x561b5600
code-move,0x561b6ee0,0x561b5700
code-move,0x561b6fc0,0x561b57e0
code-move,0x561b70a0,0x561b6020
code-move,0x561b7a00,0x561b6980
code-move,0x561b7ae0,0x561b6a60
code-move,0x561b7bc0,0x561b6b40
code-move,0x561b7ce0,0x561b6c60
code-move,0x561b8020,0x561b6d80
code-move,0x561b8260,0x561b6fc0
code-move,0x561b8340,0x561b70a0
code-move,0x561b8400,0x561b7160
code-move,0x561b8480,0x561b71e0
code-move,0x561b8580,0x561b72e0
code-move,0x561b85e0,0x561b7340
code-move,0x561b86c0,0x561b7420
code-move,0x561b87a0,0x561b8020
code-move,0x561b9780,0x561b9000
code-move,0x561b98e0,0x561b9160
code-move,0x561b99c0,0x561b9240
code-move,0x561b9bc0,0x561b9440
code-move,0x561b9ca0,0x561b9520
code-move,0x561b9d00,0x561b9580
code-move,0x561b9d60,0x561b95e0
